<?xml version="1.0" encoding="UTF-8"?>
<testng-results skipped="0" failed="0" total="1" passed="1">
  <reporter-output>
  </reporter-output>
  <suite name="FirstMavenProject.GoogleTest" duration-ms="15407" started-at="2019-02-17T05:55:01Z" finished-at="2019-02-17T05:55:17Z">
    <groups>
    </groups>
    <test name="Command line test" duration-ms="15407" started-at="2019-02-17T05:55:01Z" finished-at="2019-02-17T05:55:17Z">
      <class name="FirstMavenProject.GoogleTest">
        <test-method status="PASS" signature="verifyHomepageTitle()[pri:0, instance:FirstMavenProject.GoogleTest@6bf256fa]" name="verifyHomepageTitle" duration-ms="15378" started-at="2019-02-17T11:25:01Z" finished-at="2019-02-17T11:25:17Z">
          <reporter-output>
          </reporter-output>
        </test-method> <!-- verifyHomepageTitle -->
      </class> <!-- FirstMavenProject.GoogleTest -->
    </test> <!-- Command line test -->
  </suite> <!-- FirstMavenProject.GoogleTest -->
</testng-results>
