<?xml version="1.0" encoding="UTF-8"?>
<testng-results skipped="0" failed="0" total="1" passed="1">
  <reporter-output>
  </reporter-output>
  <suite name="Default suite" duration-ms="21545" started-at="2019-02-17T05:49:02Z" finished-at="2019-02-17T05:49:24Z">
    <groups>
    </groups>
    <test name="Default test" duration-ms="21545" started-at="2019-02-17T05:49:02Z" finished-at="2019-02-17T05:49:24Z">
      <class name="FirstMavenProject.GoogleTest">
        <test-method status="PASS" signature="verifyHomepageTitle()[pri:0, instance:FirstMavenProject.GoogleTest@7dc7cbad]" name="verifyHomepageTitle" duration-ms="21498" started-at="2019-02-17T11:19:02Z" finished-at="2019-02-17T11:19:24Z">
          <reporter-output>
          </reporter-output>
        </test-method> <!-- verifyHomepageTitle -->
      </class> <!-- FirstMavenProject.GoogleTest -->
    </test> <!-- Default test -->
  </suite> <!-- Default suite -->
</testng-results>
